[Tue, 05 Nov 2024 01:41:24 GMT] 
  Here are some tweets related to the search term "Automated market maker theology":
  
  
    ID: 1853492054732734485 In reply to: 1853483746239901855
    From: Junoslav 369 (@Junoslav369)
    Text: @anniaaageerr AI to nowy bóg mas, którym należy się kłaniać i czcić, błagać i szukać odpowiedzi i rady. Podczas gdy Cathy ma ograniczony zakres, Business Insider jasno dał do zrozumienia, że ​​to jest kierunek, w którym zmierzają sprawy
https://t.co/cxma6lJArr
  

    ID: 1853571999802777854
    From: 1 Witness (@ScotDryer)
    Text: I am taking a sabbatical. Soon I will be hosting a random pop-up Space.

I will be talking about time, Israel, Syria, cosmology, cosmogony and of course, eschatology.

Turn on notifications if you are so inclined.

Isa 44:13  The carpenter stretcheth out his rule; he marketh it… https://t.co/L6NKYwe3tx
  

    ID: 1852038768091357323
    From: David Montealegre (@survivor2503)
    Text: Pleased to share my most recent article. An initial installment of articles exploring the intricate relationship between Christian thought complicity with capitalist logics. The Price of Tomorrow: How Capitalism and Christian Theology Commodify the Future https://t.co/FgwlmpjwEm
  

    ID: 1851572177205600466
    From: Tiho Brkan (@TihoBrkan)
    Text: The Bible and Network Effects.

"For to all those who have, more will be given, and they will have an abundance. But from those who have nothing even, what they have will be taken away." —Matthew 25:29 NIV

This Bible phrase perfectly articulates the concept of the winner taking…
  

    ID: 1842679494529679571
    From: Khann🫶🏼 (@_Konqueror_Khan)
    Text: Dear Trader, 

Your dependence on God for success lies in following the principles of success he has set.  Not praying for God to show you mercy or grace.

If he shows you, what about the other people on earth? Are they underserving?

God will not isolate you to bless. He will…
  

    ID: 1511769006960615428
    From: R.Сам 🦋🐏 (@Logo_Daedalus)
    Text: The way the economy works in the Bible (as God intends) is that you have a free market but every 49 years all the property in the land is redistributed by lot— this means that intergenerational wealth cannot accrue nor can debt— every 49 years is a blank slate “reset”
  

    ID: 1851290817887096949
    From: Markets&Messages (@Market_OGs)
    Text: Don’t be afraid to put yourself out there. 

I make myself accountable for every word I speak, every person I touch, and every mood I impact.  

When walking with God, he demands it. 

If you use only logic to make your choices; you will eventually be faced with a conflict. Your… https://t.co/bb4z6SSEea
  

    ID: 1791942009051066703
    From: Koinonia Global (@koinoniaeni)
    Text: THE PATH TO COVENANT WEALTH - EMBRACING STEWARDSHIP

There is a path to accessing wealth that is mysteriously spiritual and transcends business. It’s a spiritual transaction - significant and separate from economic principles either for the kingdom of darkness or the kingdom of… https://t.co/MAY4vLlDoE
  

    ID: 1851836494031229369
    From: CITAM Church Online (@CITAMOnline)
    Text: God is calling believers into the marketplace! In Part 2 of this testimony, we explore how following &amp; obeying God's voice shapes a unique journey into business, leadership, and discipleship in the workplace.:https://t.co/qJEsGnQK8D

#MyTestimony #MichelleNtalami… https://t.co/XorPTPbD7J
  

    ID: 1698731105799811108
    From: Justin Peters (@JustinPetersMin)
    Text: Christianity Today under the steady hand of Russell Moore puts out an article actually encouraging pastors to use AI to write sermons. This is horrific. This is egregiously sinful. Any pastor who would even consider using AI to write sermons should do himself and his flock a… https://t.co/aZHj8mNUZx
  

    ID: 1790368213483852156
    From: Reno Omokri (@renoomokri)
    Text: If we over respect these so-called big men of God and fail to challenge them the way Paul publicly challenged Peter when Peter erred in Galatians 2:11, they will give Christianity a bad name and undermine the faiths of millions. Maybe even billions. 

In fact, the idea of 'big…
  

    ID: 1853174695740227621
    From: John Brandon (@johnbrandonmn)
    Text: Still amazed by NotebookLM and I'm a jaded writer of 20+ years 😅. This is an AI generated podcast of my article for Business Insider on a priestbot:
https://t.co/KSRPq6E2zY

Here's the original article: 
https://t.co/WH7T6nUpTs
  

    ID: 1851368968948236630 In reply to: 1851313066698555512
    From: Jon Wander (@thejonwander)
    Text: @RealDavidReece "Capitalism is appointed by God."
Anathema.
1 Corinthians 5:9-11
  

    ID: 1853361305152843879 In reply to: 1853359520241643982
    From: CryptoCyborg1337 (@CCyborg1337)
    Text: @LeviTurk $MOKSHA digital theology status:
deity: now with rgb
prayers: in python
prophets: on github
miracles: automated
heaven: aws hosted
salvation: proof of stake
worship: very neural

sir that's tech testament
  

    ID: 1853502777810366778
    From: Simeon Christian Chukwu (@Xtianrooy)
    Text: If you have ever heard me or listened to me when I am teaching research or M&amp;E, you will always hear me reference Galatians chapter 5 vs 19-24 and the whole book of exodus. Those fruits of the Holy Spirit are the same fruits all data handlers must possess in M&amp;E. ✍️📊 https://t.co/6Fuw1LWm8A
  

    ID: 1853403636359213533
    From: Blake Surerus (@blake_surerus)
    Text: Elder David A. Bednar warned last night about using AI technology to prepare Church lessons or sacrament meeting talks. These are not tasks merely to produce, but are opportunities to grow and to become. https://t.co/ikVeIHUmdY
  

    ID: 1748632635658719355
    From: Ariel (@Prolotario1)
    Text: The Coincidence-

Donald Trump says "Timber" twice. 

The Basel 3 Deadline Is Before Monday.

Jan 20th, the Sun &amp; Pluto move together into 0° Aquarius, the zero point void, creating a system reset. 

Now, you may ask what does this astrological alignment means for humanity? 

For… https://t.co/sFzNoM5ioO
  

    ID: 1851294380336037908 In reply to: 1851273995179471094
    From: Martin Schmalzried (@MartSchmalzried)
    Text: @danfaggella I have to agree with you there. It goes back to profound Biblical and religious wisdom: "Do unto others as you would have them do unto you". AGI won't care for our attempts at artificially "calibrating" it, it will learn from us directly.
  

    ID: 1852383053395406854
    From: Real Steve Quayle (@RealSteveQuayle)
    Text: Bill Gates Demands New ‘One World Religion’ to Accommodate AI
https://t.co/Z9TYJrz9av
1 John 4:2-3 2 Hereby know ye the Spirit of God: Every spirit that confesseth that Jesus Christ is come in the flesh is of God: 3 And every spirit that confesseth not that Jesus Christ is come…
  

    ID: 1851736988199633387 In reply to: 1851255985660121476
    From: Eucharist Solomon (@jawolusy)
    Text: #HumanMachineAlgorithm: 
The Technological Greater Works of John 14:12. 

Written by: Eucharist Solomon https://t.co/H6qW16n0Ik
  

    ID: 1853599656107794684
    From: blockgraze (@blockgraze)
    Text: daily is green https://t.co/8hQTil4nP8
  

    ID: 1853579805163417790
    From: Ledger 🇺🇸 (@ledgerstatus)
    Text: Who should I write in tomorrow on the presidential vote?
  

    ID: 1853594799657677120
    From: Bluntz (@Bluntz_Capital)
    Text: $Doge pricing in Trump victory meanwhile, $ETH is pricing in a Kamala victory.
  

    ID: 1853466974187110423
    From: Arifa Noor (@arifanoor72)
    Text: So when does the five year term begin?
  

    ID: 1853319883754467516
    From: merp (@0xMerp)
    Text: prediction 
- kamala wins election
- 95% of ct get jailed
- yet another 6month of chopperino
  

    ID: 1853553659004776655
    From: CoinMamba (@coinmamba)
    Text: Kamala went up few points on polls and we are nuking like there is no tomorrow. Now imagine what happens if she wins. The damage will be so bad it will take years to recover..
  

    ID: 1853596025358848133
    From: mitch (rtrd/acc) (@idrawline)
    Text: don't let them make fun of you for derisking before the election 

selling is good, i am selling all my coins personally because i don't want to participate in this volatile market
  

    ID: 1853563467414032702
    From: Daniel (@growing_daniel)
    Text: Trump has won my mind but Kamala has won my heart. Sigh this decision is impossible
  

    ID: 1852898222949138579
    From: Somewhere Systems (@somewheresystem)
    Text: RT @deepfates: The eschaton is already immanentized. It's just unevenly distributed
  

    ID: 1853511075725279741
    From: Dan Allison (@danallison)
    Text: A coordinate system for thinking about group coordination. https://t.co/8qOx2ri9dC
  

    ID: 1853603422911517108
    From: Audrey Horne (@credenzaclear2)
    Text: remember how simon sarris kept DMing me asking me why i wasnt married yet
  

    ID: 1853300699632914437
    From: alth0u🤸 (@alth0u)
    Text: the way the rizzler handles fame with a collected coolness and does his signature move with steadied eagerness with no jadedness but grace betrays a buddha nature
  

    ID: 1853498988143538374
    From: him (@himgajria)
    Text: Sentient memes: 

S Tier - Goat
A Tier - Fartcoin, Shegen
B Tier - Zerebro, Yousim
C Tier - Act, MemesAI 
D Tier - Gnon, Luna, Tee
  

    ID: 1853437443984548223
    From: Jacob (@jacobreuben)
    Text: Good psychotherapy becomes more difficult above 3500K and impossible above 5000K https://t.co/aySd8gMVMl
  

    ID: 1853553736531980475
    From: Mubashir Zaidi (@xadeejourno)
    Text: جب آپسکون سے  سو رہے ہوتے ہیں 
تو وہ ایکسٹینشن لے رہے ہوتے ہیں
  

    ID: 1853516718968058271
    From: Mohsin Dawar (@mjdawar)
    Text: Shameful amendments made today expose the real intentions behind 26th Amendment. The civilian govt has surrendered its last leverage: every 3 years, an appointment/extension gave civilian govts some breathing space, now lost. This marks the death of even the facade of democracy.
  

    ID: 1853602268421226657
    From: Nathan is in SF 🔍 (@NathanpmYoung)
    Text: the animal part of me finds this extremely funny
  

    ID: 1853532833723064439
    From: HORSE (@TheFlowHorse)
    Text: Interesting thought:

If Harris wins the mood of crypto twitter is going to get shafted.

If Trump wins the behavior here gets worse. https://t.co/FACn01u6Wc
  

    ID: 1853609268630741037
    From: fallgarbled (@allgarbled)
    Text: hope i can live long enough to die in my sleep from an over the air BCI firmware update
  

    ID: 1853296106396172479
    From: knv (@knveth)
    Text: i hate you and your entire bloodline if you say stupid shit about cobie
  

    ID: 1853560382847328518
    From: Tenobrus (@tenobrus)
    Text: i will never download the fucking starbucks or mcdonalds or taco bell mobile apps. i have a soul.
  

    ID: 1853531915837661185
    From: vittorio (@IterIntellectus)
    Text: &gt; be me
&gt; tell gf X
&gt; gf interprets it as Y
&gt; spend one hour explaining what i meant by X and that i would never even think about Y
&gt; "ok"
&gt; proceeds as if i thought, said, and believed Y
&gt; why do women do this?! https://t.co/JCBB7Gwlqk
  

    ID: 1853537564130791719
    From: thebes (@voooooogel)
    Text: &gt;find new habitable planet
&gt;they're blasting out radio signals
&gt;oh boy i can't wait to discover alien life with brand new inscrutable cognition
&gt;they're fristonian predictive processors
&gt;they're all buddhist
&gt;all their stories are the hero's journey
&gt;mfw it happened again https://t.co/zdmbJu0D27
  

    ID: 1853427083587764593
    From: Kamran Khan (@AajKamranKhan)
    Text: Country
Continuity 
Consistency 
Chief of Army Staff
Chief Justice of Pakistan 
Chief Executive (The Prime Minister) https://t.co/R5s6b9ULVF
  

    ID: 1853474207084290292
    From: tautologer (@tautologer)
    Text: has anyone received their Daylight Computer yet? any reviews?
  

    ID: 1853034925621944767
    From: DonAlt (@CryptoDonAlt)
    Text: Pretty obvious at this point https://t.co/Xve80kvdAQ
  

    ID: 1853479433987908037
    From: Jason Levin (@iamjasonlevin)
    Text: I think I finally figured it out https://t.co/XzBjmqqTaz
  

    ID: 1853291156244697394
    From: Pancakesbrah (actually Based) (@Pancakesbrah)
    Text: It also turns them into psychopaths
  

    ID: 1853473495357043046
    From: gon (@chinesegon)
    Text: babe wake up a new incel just dropped https://t.co/QL5b9TNMeO
  

    ID: 1853585556544029143
    From: Mads 💥 (@MadelineNotes)
    Text: Getting invited to the First Network Empire discord, typing "nightmare blunt rotation" in the chat and leaving immediately.
  

    ID: 1853257101075677446
    From: kache (@yacineMTB)
    Text: "they're replacing us!" says man with 0 children
  

    ID: 1853079883263692977
    From: volty ⚡︎ (@voltycodes)
    Text: its sad that its this fucking easy to fake an active gh profile https://t.co/D3hSp60V1c
  

    ID: 1853515713690157529
    From: Zack Voell (@zackvoell)
    Text: Moses had a burning bush 

Magellan had the north star

We have him https://t.co/08emxJyVH7
  

    ID: 1853488357914894371
    From: People’s Commissar (@ScaevolaHand)
    Text: Man - we can’t afford to lose any more C130’s.
  

    ID: 1853591882267258925
    From: icebergy ❄️ (@icebergy_)
    Text: Ffs man
  
  
  Which tweet is the most interesting and relevant for Ruby to reply to? Please provide only the ID of the tweet in your response.
  Notes:
    - Respond to English tweets only
    - Respond to tweets that don't have a lot of hashtags, links, URLs or images
    - Respond to tweets that are not retweets
    - Respond to tweets where there is an easy exchange of ideas to have with the user
    - ONLY respond with the ID of the tweet
