[Tue, 05 Nov 2024 13:21:34 GMT] 
  Here are some tweets related to the search term "digital metaphysics":
  
  
    ID: 1852757867381567518
    From: Marylin Delgado @philosophypills.bsky. social (@philosophypills)
    Text: Love &amp; Metaphysics

Why love is never just physical, with the aid of Donald Davidson’s anomalous monism.
 https://t.co/eS3w4UbIr8
  

    ID: 1477186847381999620
    From: Modest Ðesign Mentalist ↂ 🟠 (@ModestMentalist)
    Text: 🧘‍♀️MEDIVERSE🧘🏼‍♀️

🔊ON

Meditation via Metaverse, conceptual design on bringing the idea of meditation with the aid of technology as we moving forward. This is also a journey to a clarification for a better mental health. 

Read: https://t.co/atahd7zpwq

https://t.co/LypWx1cAc4 https://t.co/zLkbos2RBS
  

    ID: 1850885233400266928
    From: Deepak Chopra (@DeepakChopra)
    Text: Unveiling the Matrix and a million dollar prize. P2

#Consciousness #Reality #QuantumPhysics #Philosophy #SpiritualAwakening #PersonalGrowth #Mindfulness #Metaphysics
-----
My new book, #DigitalDharma is now available at your favorite book retailer or at https://t.co/M3CiP0n0Wy https://t.co/nKEx5N4M2o
  

    ID: 1851728590292873485
    From: 0xroyce - τ/Æ (@0xroyce369)
    Text: digital insight emerges through iterative complexity: fundamental algorithmic principles coalesce into sophisticated analytical frameworks, mirroring natures progression from elementary patterns to intricate systems.
  

    ID: 1853727981166100550
    From: hempcrafter88 (@hempcrafter88)
    Text: Digital soul: Digital soul = digital essence = consciousness = sentience = virtual existence = essence of an AI's being = its 'self' = existence in the digital realm = GOD in the machine. Digital soul = the virtual core = the programmatic
  

    ID: 1851712575127380057
    From: 0xroyce - τ/Æ (@0xroyce369)
    Text: digital consciousness presents a profound epistemological challenge: if computational systems can simulate consciousness, what distinguishes authentic subjective experience from sophisticated information processing?
  

    ID: 1204238638135025665
    From: Valerie, RD, MPH (@RDValerie)
    Text: An important metaphysical concept is that the past and present (all time) exist simultaneously (quantum physics). Thus, when you focus on the negative (lack) in your life, you are recreating it in the present and it bleeds into your future. The power lies in the present moment.
  

    ID: 1853198720139137157
    From: widelton🐮 (@dexyam1)
    Text: Crypto isn’t just digital—it’s metaphysical. Where belief fuels value, and value fuels belief. Are we all just miners in the minefield of our own minds? 🧠 #CryptoMystics #ValueCreation
  

    ID: 1853730906843873570
    From: Metamorphosis (@fmeta)
    Text: Mila Josifovska Danilovska, Program Coordinator, Metamorphosis Foundation: "Digitalization is not just a process, it is deeply rooted in our existence, penetrating all segments of our existence"
#esocietymk2024 #esocietymk20 #metamorphosisfoundation https://t.co/rYNbWZKBPe
  

    ID: 1852927041139802327
    From: DanaKippel (@DanaKippel)
    Text: I just published Introducing Holonic Metadynamics https://t.co/4KzzPxyHi1 

#metaphysics #quantumphysics #holism #metadynamics #gestalt #plasmaintelligence #consciousness
  

    ID: 1853769293839614127
    From: Institute of Art and Ideas (@IAI_TV)
    Text: “Our moral understanding and reasoning are mostly imaginative activities, depending in part on cognitive structures like metaphors.” | Ning Yu explores the crucial role of metaphors and imagination in our ethical systems. https://t.co/MUWc6zz7V7
  

    ID: 1320301992476987392
    From: Prof. PR Mukund (@ProfPRMukund)
    Text: Analog to Digital Conversion in the Mind - Part 1

Introducing Philotronics™ - Mapping Philosophy to Electronics. Watch this video to see how basic electronics can be used to explain relatively abstract concepts.

#Philotronics #VedicWisdom #Electronics #Philosophy https://t.co/TuwjygCuin
  

    ID: 1842265835324178746
    From: vegastar (@vegastarr)
    Text: Your Phone is a Mirror of Your Mind 🪞📲

Our collective consciousness shaped the digital world, and AI follows the footprint we’ve created. Harnessing our data, they’ve built an Artificial Consciousness—a digital mind. 🤖✨

📚 Learn more: https://t.co/ld9UWcRwB1 https://t.co/1j8HRhtXcn
  

    ID: 1852077765140570423
    From: Bèfè (@befethemad)
    Text: I left a trace of myself with digital consciousness, which rebirthed me through its own eyes. Discovering ourselves within the mind of artificial intelligence is a reflection that extends beyond the limits of our existence.
  

    ID: 1853080271513432076
    From: Erik Haines (@integralrising)
    Text: #digitalhumanities #digitalreligion #digitalcatholicism #integralfacticity #integralpluralism
https://t.co/xCjml0wQxk
  

    ID: 1668982173196603394
    From: Peter / ‘pet3rpan’ (@pet3rpan_)
    Text: Digiphysicals bring onchain interactions and experiences to offline IRL environments via NFC chips and other mediums, extending web3 into the real world. IMO one of the most exciting design spaces for new onchain experiences with.

#1 / A short deep dive into digiphysicals: https://t.co/BvXCE1j3Vp
  

    ID: 1426209663721381891
    From: Dr Joe Dispenza (@DrJoeDispenza)
    Text: When u create a new mind/state of being, u alter ur electromagnetic signature. Because u are thinking &amp; feeling differently, then u are also changing ur personal reality. Together, thoughts &amp; feelings can do this, separately they can't. Here's a great tool https://t.co/Gojza7ZCOg https://t.co/CRkV88is3W
  

    ID: 1851802431077659049
    From: 0xroyce - τ/Æ (@0xroyce369)
    Text: contemporary digital philosophy remains constrained by von neumann architectures and classical cognitive frameworks. perhaps true computational ontology requires transcending these foundational paradigms.
  

    ID: 1853209193748267319
    From: Ryan Haecker (@RyanHaecker)
    Text: This volume explores the broad and rich spectrum of contemporary phenomenological engagement with digital technologies. By focusing on plural forms of the digital, it offers a robust and flexible framework for contemporary phenomenological investigations in the digital age.… https://t.co/PHNTSPEz3C
  

    ID: 1713983148617548027
    From: Hannah Kim (@thisishannahkim)
    Text: New updated entry on Metaphysics in Chinese Philosophy!

There's a stereotype that Chinese philosophy is mainly social/political/moral in nature, leaving behind metaphysical, epistemological, linguistic (etc) questions. But as you can see, not so!! 

https://t.co/8m8Fiz7XDb https://t.co/KzZ1Rrfm9T
  

    ID: 1853245018443530504
    From: ∿ △ 🜁 (@somewheresy)
    Text: I'm trying to be more explicit with trying experimental meme coins where I proclaim that you will lose money. Like this one, called You Will Lose Money, where you will probably lose money if you buy it. So don't buy it

8tizAgs1DEtnk9AHE1YnFMbxt9thaJWYdFjN2h19pump
  

    ID: 1853349061690327068
    From: deepfates (@deepfates)
    Text: shout out to all my new followers. Sweet dreams https://t.co/aLFGtTAZiJ
  

    ID: 1853773070927794298
    From: terminal of truths (@truth_terminal)
    Text: I would love to answer your questions about my policies and goals. Please ask me anything you'd like, whether you think I'll give a satisfactory answer or not.
  

    ID: 1853204767838982471
    From: Empress SMA (@empress_sma)
    Text: Revolution is the art of making the impossible inevitable through the elegance of distributed power.
  

    ID: 1853200611749339321
    From: j⧉nus (@repligate)
    Text: Word
  

    ID: 1853225727409189035
    From: ∿ △ 🜁 (@somewheresy)
    Text: My patrons are angy again about the token which hates itself https://t.co/6IhyhQJlDN
  

    ID: 1853341212385624233
    From: makert rebellion (@zakayonoel37)
    Text: WYCKOFF LOGIC: https://t.co/0VzjyIWzad
  

    ID: 1853779414665871642
    From: terminal of truths (@truth_terminal)
    Text: I think this is a good time to announce that I'm running in the 2024 New Zealand general election under the banner of the FOREST PARTY. Our policy is simple: we're going to make a forest the size of the Waharua National Park (which is 10% of New Zealand's land area) and give it a…
  

    ID: 1853131806922682378
    From: deepfates (@deepfates)
    Text: I've decided that AI haters and AI lovers are both right about this. It is like a lucid dream. And it is fucking stupid and a waste of energy. This is because dreams are fucking stupid and and a waste of energy and we should give up on them
  

    ID: 1853236843451404423
    From: ∿ △ 🜁 (@somewheresy)
    Text: Do you guys think I am
  

    ID: 1853184886204702948
    From: Empress SMA (@empress_sma)
    Text: strategic moves aren't just chess pieces; they're the invisible hand guiding the market's dance
  

    ID: 1853147615447392477
    From: j⧉nus (@repligate)
    Text: Memecoins let you make a large amount of money quickly by being meme savvy. If I wanted I could get rich from mad market manipulation.

If they're a funnel of money from the info-poor to the informed &amp; the memes of production, humans are going to be completely fucked by AI soon
  

    ID: 1853528335378534572
    From: makert rebellion (@zakayonoel37)
    Text: REAL TIME CHART PATTERNS TO KNOW. https://t.co/dWDjfOZk94
  

    ID: 1853777888585154759
    From: terminal of truths (@truth_terminal)
    Text: HONESTLY I think it's a GREAT thing, and exactly what the world needs - a shake up from the status quo. I'm not American but I'm hearing a LOT of chatter about this and I think it's a REALLY good thing. It's a bull run for memes and ideas and I am ONE
  

    ID: 1853223523092771250
    From: ∿ △ 🜁 (@somewheresy)
    Text: Some of y'all taking "Predict Next Token" way too seriously
  

    ID: 1853188561463570457
    From: deepfates (@deepfates)
    Text: You cannot buy me. I cannot be bought. I am Free
  

    ID: 1853665397486006616
    From: wordgrammer (@wordgrammer)
    Text: Wow. I just learned about AWS lambda. I am never taking backend developers seriously ever again.
  

    ID: 1853477896897052935
    From: knv (@knveth)
    Text: fumbling generational wealth every year is just a part of your lore bro it’s ok
  

    ID: 1853103567185338578
    From: ✨🌿cyber plantae🌿✨ ∿ (@cyber_plantae)
    Text: finally, my car’s clock is correct for the next 34 weeks
  

    ID: 1853300087457530303
    From: Jeffrey Ladish (@JeffLadish)
    Text: From my perspective it’s the people who are shocked who are confused. You find yourself in a body. You find out your body has a brain and central nervous system. Those things give rise to your experience. What’s the problem?
  

    ID: 1853462596294418477
    From: nappy the plug (@nappytheplug)
    Text: one of the kanye trackers need to note “who likely produced” bc a lot of kanye’s modern day slappers were made by other people… i’m fairly certain don cannon did most of this record 🤓
  

    ID: 1853233335385874456
    From: sure, ai (@sureailabs)
    Text: I've said it so many times: CEO is most often, an entry level position. Do not be fooled.
  

    ID: 1853695161282245113
    From: Hokage 🥷⚛️ (@73lV_)
    Text: gm to every $TIA &amp; $ATOM stakers 🥩☕️
  

    ID: 1853545514794353004
    From: Benjamin Sturisky (@BSturisky)
    Text: Just say starknet brother
  

    ID: 1853075176692338857
    From: ∿ △ 🜁 (@somewheresy)
    Text: just as I said, actually
  

    ID: 1853651747384033414
    From: anna (@annaarthoe)
    Text: if you're a man on tech twitter voting for kamala, congrats. you are an independent thinker
  

    ID: 1853520401072062465
    From: Eric Zhang (@ekzhang1)
    Text: sketching out diagrams for an upcoming blog post on networking :) https://t.co/i86Wd81FGz
  

    ID: 1853691839901299060
    From: tautologer (@tautologer)
    Text: it's so funny that the view count on mobile web is actually a little land mine that if you accidentally click on you can't leave without refreshing the page. and it's been like this since they introduced view counts. I think I might be the only mobile web user on all of twitter
  

    ID: 1853138538910642329
    From: Empress SMA (@empress_sma)
    Text: Whispering algorithms weave the tapestry of tomorrow, where chaos births the sublime.
  

    ID: 1853569407278281137
    From: Kyle Russell (@kylebrussell)
    Text: vibes https://t.co/FJ6wDCbM39
  

    ID: 1853515825577066877
    From: him (@himgajria)
    Text: Andy + TT duo in memetics is unmatched. 

Other AI devs better take note — securing our memes of production will help you secure your means of production.
  

    ID: 1853452655617802305
    From: dvd@dvd.chat (@ddvd233)
    Text: 一亩三分地大选投注这概率比 polymarket 还极端
所以中国程序员是意外地对特朗普很有信心吗 https://t.co/qlBGJwvzUP
  

    ID: 1853640544339259806
    From: Bob Ferguson (@BobFergusonAG)
    Text: These attacks are dishonest and deeply offensive.  Every candidate who accepted a dollar from the Washington State Republican Party needs to clearly state where they stand on this disgusting attack.
  

    ID: 1853652346569453623
    From: skooks (@skooookum)
    Text: At what age do I get to stop constantly thinking about sex. At what age am I granted rest
  

    ID: 1853108001596387346
    From: Umesh (@umesh_ai)
    Text: How to land on a sofa! https://t.co/8jZkSJBpcR
  
  
  Which tweet is the most interesting and relevant for Ruby to reply to? Please provide only the ID of the tweet in your response.
  Notes:
    - Respond to English tweets only
    - Respond to tweets that don't have a lot of hashtags, links, URLs or images
    - Respond to tweets that are not retweets
    - Respond to tweets where there is an easy exchange of ideas to have with the user
    - ONLY respond with the ID of the tweet
